<?xml version="1.0" encoding="UTF-8"?>
<testng-results ignored="0" total="1" passed="1" failed="0" skipped="0">
  <reporter-output>
  </reporter-output>
  <suite started-at="2024-11-22T10:59:19 IST" name="Default suite" finished-at="2024-11-22T11:00:38 IST" duration-ms="79602">
    <groups>
    </groups>
    <test started-at="2024-11-22T10:59:19 IST" name="Default test" finished-at="2024-11-22T11:00:38 IST" duration-ms="79602">
      <class name="com.ShoppersStack_TestScripts.tc_003_addingProductTo_cart_Test">
        <test-method is-config="true" signature="beforeSuite()[pri:0, instance:com.ShoppersStack_TestScripts.tc_003_addingProductTo_cart_Test@19932c16]" started-at="2024-11-22T10:59:19 IST" name="beforeSuite" finished-at="2024-11-22T10:59:19 IST" duration-ms="16" status="PASS">
          <reporter-output>
          </reporter-output>
        </test-method> <!-- beforeSuite -->
        <test-method is-config="true" signature="beforeTest()[pri:0, instance:com.ShoppersStack_TestScripts.tc_003_addingProductTo_cart_Test@19932c16]" started-at="2024-11-22T10:59:19 IST" name="beforeTest" finished-at="2024-11-22T10:59:19 IST" duration-ms="382" status="PASS">
          <reporter-output>
          </reporter-output>
        </test-method> <!-- beforeTest -->
        <test-method is-config="true" signature="beforeClass()[pri:0, instance:com.ShoppersStack_TestScripts.tc_003_addingProductTo_cart_Test@19932c16]" started-at="2024-11-22T10:59:19 IST" name="beforeClass" finished-at="2024-11-22T10:59:24 IST" duration-ms="5267" status="PASS">
          <reporter-output>
          </reporter-output>
        </test-method> <!-- beforeClass -->
        <test-method is-config="true" signature="beforeMathod()[pri:0, instance:com.ShoppersStack_TestScripts.tc_003_addingProductTo_cart_Test@19932c16]" started-at="2024-11-22T10:59:24 IST" name="beforeMathod" finished-at="2024-11-22T10:59:35 IST" duration-ms="11132" status="PASS">
          <reporter-output>
          </reporter-output>
        </test-method> <!-- beforeMathod -->
        <test-method signature="addingproducttocart()[pri:0, instance:com.ShoppersStack_TestScripts.tc_003_addingProductTo_cart_Test@19932c16]" started-at="2024-11-22T10:59:35 IST" name="addingproducttocart" finished-at="2024-11-22T11:00:07 IST" duration-ms="31087" status="PASS">
          <reporter-output>
          </reporter-output>
        </test-method> <!-- addingproducttocart -->
        <test-method is-config="true" signature="afterMathod()[pri:0, instance:com.ShoppersStack_TestScripts.tc_003_addingProductTo_cart_Test@19932c16]" started-at="2024-11-22T11:00:07 IST" name="afterMathod" finished-at="2024-11-22T11:00:07 IST" duration-ms="807" status="PASS">
          <reporter-output>
          </reporter-output>
        </test-method> <!-- afterMathod -->
        <test-method is-config="true" signature="afterClass()[pri:0, instance:com.ShoppersStack_TestScripts.tc_003_addingProductTo_cart_Test@19932c16]" started-at="2024-11-22T11:00:07 IST" name="afterClass" finished-at="2024-11-22T11:00:38 IST" duration-ms="30457" status="PASS">
          <reporter-output>
          </reporter-output>
        </test-method> <!-- afterClass -->
        <test-method is-config="true" signature="afterTest()[pri:0, instance:com.ShoppersStack_TestScripts.tc_003_addingProductTo_cart_Test@19932c16]" started-at="2024-11-22T11:00:38 IST" name="afterTest" finished-at="2024-11-22T11:00:38 IST" duration-ms="392" status="PASS">
          <reporter-output>
          </reporter-output>
        </test-method> <!-- afterTest -->
        <test-method is-config="true" signature="afterSuite()[pri:0, instance:com.ShoppersStack_TestScripts.tc_003_addingProductTo_cart_Test@19932c16]" started-at="2024-11-22T11:00:38 IST" name="afterSuite" finished-at="2024-11-22T11:00:38 IST" duration-ms="1" status="PASS">
          <reporter-output>
          </reporter-output>
        </test-method> <!-- afterSuite -->
      </class> <!-- com.ShoppersStack_TestScripts.tc_003_addingProductTo_cart_Test -->
    </test> <!-- Default test -->
  </suite> <!-- Default suite -->
</testng-results>
