<?xml version="1.0" encoding="UTF-8"?>
<testng-results ignored="0" total="1" passed="1" failed="0" skipped="0">
  <reporter-output>
  </reporter-output>
  <suite started-at="2024-11-19T09:31:22 IST" name="Default suite" finished-at="2024-11-19T09:32:40 IST" duration-ms="78211">
    <groups>
    </groups>
    <test started-at="2024-11-19T09:31:22 IST" name="Default test" finished-at="2024-11-19T09:32:40 IST" duration-ms="78211">
      <class name="com.ShoppersStack_TestScripts.tc_003_addingProductTo_cart_Test">
        <test-method is-config="true" signature="beforeSuite()[pri:0, instance:com.ShoppersStack_TestScripts.tc_003_addingProductTo_cart_Test@48e1f6c7]" started-at="2024-11-19T09:31:22 IST" name="beforeSuite" finished-at="2024-11-19T09:31:22 IST" duration-ms="17" status="PASS">
          <reporter-output>
          </reporter-output>
        </test-method> <!-- beforeSuite -->
        <test-method is-config="true" signature="beforeTest()[pri:0, instance:com.ShoppersStack_TestScripts.tc_003_addingProductTo_cart_Test@48e1f6c7]" started-at="2024-11-19T09:31:22 IST" name="beforeTest" finished-at="2024-11-19T09:31:23 IST" duration-ms="378" status="PASS">
          <reporter-output>
          </reporter-output>
        </test-method> <!-- beforeTest -->
        <test-method is-config="true" signature="beforeClass()[pri:0, instance:com.ShoppersStack_TestScripts.tc_003_addingProductTo_cart_Test@48e1f6c7]" started-at="2024-11-19T09:31:23 IST" name="beforeClass" finished-at="2024-11-19T09:31:28 IST" duration-ms="5416" status="PASS">
          <reporter-output>
          </reporter-output>
        </test-method> <!-- beforeClass -->
        <test-method is-config="true" signature="beforeMathod()[pri:0, instance:com.ShoppersStack_TestScripts.tc_003_addingProductTo_cart_Test@48e1f6c7]" started-at="2024-11-19T09:31:28 IST" name="beforeMathod" finished-at="2024-11-19T09:31:39 IST" duration-ms="11019" status="PASS">
          <reporter-output>
          </reporter-output>
        </test-method> <!-- beforeMathod -->
        <test-method signature="addingproducttocart()[pri:0, instance:com.ShoppersStack_TestScripts.tc_003_addingProductTo_cart_Test@48e1f6c7]" started-at="2024-11-19T09:31:39 IST" name="addingproducttocart" finished-at="2024-11-19T09:32:09 IST" duration-ms="29706" status="PASS">
          <reporter-output>
          </reporter-output>
        </test-method> <!-- addingproducttocart -->
        <test-method is-config="true" signature="afterMathod()[pri:0, instance:com.ShoppersStack_TestScripts.tc_003_addingProductTo_cart_Test@48e1f6c7]" started-at="2024-11-19T09:32:09 IST" name="afterMathod" finished-at="2024-11-19T09:32:09 IST" duration-ms="733" status="PASS">
          <reporter-output>
          </reporter-output>
        </test-method> <!-- afterMathod -->
        <test-method is-config="true" signature="afterClass()[pri:0, instance:com.ShoppersStack_TestScripts.tc_003_addingProductTo_cart_Test@48e1f6c7]" started-at="2024-11-19T09:32:09 IST" name="afterClass" finished-at="2024-11-19T09:32:40 IST" duration-ms="30341" status="PASS">
          <reporter-output>
          </reporter-output>
        </test-method> <!-- afterClass -->
        <test-method is-config="true" signature="afterTest()[pri:0, instance:com.ShoppersStack_TestScripts.tc_003_addingProductTo_cart_Test@48e1f6c7]" started-at="2024-11-19T09:32:40 IST" name="afterTest" finished-at="2024-11-19T09:32:40 IST" duration-ms="525" status="PASS">
          <reporter-output>
          </reporter-output>
        </test-method> <!-- afterTest -->
        <test-method is-config="true" signature="afterSuite()[pri:0, instance:com.ShoppersStack_TestScripts.tc_003_addingProductTo_cart_Test@48e1f6c7]" started-at="2024-11-19T09:32:40 IST" name="afterSuite" finished-at="2024-11-19T09:32:40 IST" duration-ms="4" status="PASS">
          <reporter-output>
          </reporter-output>
        </test-method> <!-- afterSuite -->
      </class> <!-- com.ShoppersStack_TestScripts.tc_003_addingProductTo_cart_Test -->
    </test> <!-- Default test -->
  </suite> <!-- Default suite -->
</testng-results>
